{
  "stats": {
    "suites": 1,
    "tests": 3,
    "passes": 3,
    "pending": 0,
    "failures": 0,
    "start": "2022-10-11T07:13:42.408Z",
    "end": "2022-10-11T07:13:42.536Z",
    "duration": 128,
    "testsRegistered": 3,
    "passPercent": 100,
    "pendingPercent": 0,
    "other": 0,
    "hasOther": false,
    "skipped": 0,
    "hasSkipped": false
  },
  "results": [
    {
      "uuid": "ec1a9973-bb0e-4021-82d8-c9e29249847d",
      "title": "",
      "fullFile": "cypress\\e2e\\2-advanced-examples\\HooksDemo.cy.js",
      "file": "cypress\\e2e\\2-advanced-examples\\HooksDemo.cy.js",
      "beforeHooks": [],
      "afterHooks": [],
      "tests": [],
      "suites": [
        {
          "uuid": "4821a23b-411d-4c99-bd04-06f53d7a35d3",
          "title": "test hooks in cypress",
          "fullFile": "",
          "file": "",
          "beforeHooks": [],
          "afterHooks": [],
          "tests": [
            {
              "title": "Verify Search",
              "fullTitle": "test hooks in cypress Verify Search",
              "timedOut": null,
              "duration": 38,
              "state": "passed",
              "speed": "fast",
              "pass": true,
              "fail": false,
              "pending": false,
              "context": null,
              "code": "cy.log(\"************TC:1 Search Block***************\");",
              "err": {},
              "uuid": "14392137-2c1d-41b5-b772-0b3bd8e50d0d",
              "parentUUID": "4821a23b-411d-4c99-bd04-06f53d7a35d3",
              "isHook": false,
              "skipped": false
            },
            {
              "title": "Verify Advance Search",
              "fullTitle": "test hooks in cypress Verify Advance Search",
              "timedOut": null,
              "duration": 14,
              "state": "passed",
              "speed": "fast",
              "pass": true,
              "fail": false,
              "pending": false,
              "context": null,
              "code": "cy.log(\"************TC:2 Advance Search Block***************\");",
              "err": {},
              "uuid": "d0221607-d552-4024-99a6-e09ad5f7b27c",
              "parentUUID": "4821a23b-411d-4c99-bd04-06f53d7a35d3",
              "isHook": false,
              "skipped": false
            },
            {
              "title": "Verify product availability",
              "fullTitle": "test hooks in cypress Verify product availability",
              "timedOut": null,
              "duration": 21,
              "state": "passed",
              "speed": "fast",
              "pass": true,
              "fail": false,
              "pending": false,
              "context": null,
              "code": "cy.log(\"************TC:3 Search Product***************\");",
              "err": {},
              "uuid": "6bef5908-f8d0-4ce9-8b5a-81f1c790c8cc",
              "parentUUID": "4821a23b-411d-4c99-bd04-06f53d7a35d3",
              "isHook": false,
              "skipped": false
            }
          ],
          "suites": [],
          "passes": [
            "14392137-2c1d-41b5-b772-0b3bd8e50d0d",
            "d0221607-d552-4024-99a6-e09ad5f7b27c",
            "6bef5908-f8d0-4ce9-8b5a-81f1c790c8cc"
          ],
          "failures": [],
          "pending": [],
          "skipped": [],
          "duration": 73,
          "root": false,
          "rootEmpty": false,
          "_timeout": 2000
        }
      ],
      "passes": [],
      "failures": [],
      "pending": [],
      "skipped": [],
      "duration": 0,
      "root": true,
      "rootEmpty": true,
      "_timeout": 2000
    }
  ],
  "meta": {
    "mocha": {
      "version": "7.0.1"
    },
    "mochawesome": {
      "options": {
        "quiet": false,
        "reportFilename": "mochawesome",
        "saveHtml": false,
        "saveJson": true,
        "consoleReporter": "spec",
        "useInlineDiffs": false,
        "code": true
      },
      "version": "7.1.3"
    },
    "marge": {
      "options": {
        "charts": true,
        "overwrite": false,
        "html": false,
        "json": true,
        "reportDir": "cypress/reports"
      },
      "version": "6.2.0"
    }
  }
}