{
  "stats": {
    "suites": 1,
    "tests": 1,
    "passes": 1,
    "pending": 0,
    "failures": 0,
    "start": "2022-10-01T18:47:36.589Z",
    "end": "2022-10-01T18:47:49.679Z",
    "duration": 13090,
    "testsRegistered": 1,
    "passPercent": 100,
    "pendingPercent": 0,
    "other": 0,
    "hasOther": false,
    "skipped": 0,
    "hasSkipped": false
  },
  "results": [
    {
      "uuid": "e3cc7adb-579e-4b23-a3af-207c504feb45",
      "title": "",
      "fullFile": "cypress\\e2e\\2-advanced-examples\\Alert.cy.js",
      "file": "cypress\\e2e\\2-advanced-examples\\Alert.cy.js",
      "beforeHooks": [],
      "afterHooks": [],
      "tests": [],
      "suites": [
        {
          "uuid": "78c09447-ee8a-4753-8384-5e138769e3d3",
          "title": "Verify alert on web page",
          "fullFile": "",
          "file": "",
          "beforeHooks": [],
          "afterHooks": [],
          "tests": [
            {
              "title": "Verify alert popup",
              "fullTitle": "Verify alert on web page Verify alert popup",
              "timedOut": null,
              "duration": 10525,
              "state": "passed",
              "speed": "slow",
              "pass": true,
              "fail": false,
              "pending": false,
              "context": null,
              "code": "cy.visit(\"https://testautomationpractice.blogspot.com/\"); //  cy.get('#alertButton').click();\ncy.get('#HTML9 > div.widget-content > button').click();\ncy.on('window:confirm', str => {\n  expect(str).to.equal('Press a button!');\n});",
              "err": {},
              "uuid": "cf00251b-e793-4670-a7c2-a0704cf19ab4",
              "parentUUID": "78c09447-ee8a-4753-8384-5e138769e3d3",
              "isHook": false,
              "skipped": false
            }
          ],
          "suites": [],
          "passes": [
            "cf00251b-e793-4670-a7c2-a0704cf19ab4"
          ],
          "failures": [],
          "pending": [],
          "skipped": [],
          "duration": 10525,
          "root": false,
          "rootEmpty": false,
          "_timeout": 2000
        }
      ],
      "passes": [],
      "failures": [],
      "pending": [],
      "skipped": [],
      "duration": 0,
      "root": true,
      "rootEmpty": true,
      "_timeout": 2000
    }
  ],
  "meta": {
    "mocha": {
      "version": "7.0.1"
    },
    "mochawesome": {
      "options": {
        "quiet": false,
        "reportFilename": "mochawesome",
        "saveHtml": false,
        "saveJson": true,
        "consoleReporter": "spec",
        "useInlineDiffs": false,
        "code": true
      },
      "version": "7.1.3"
    },
    "marge": {
      "options": {
        "charts": true,
        "overwrite": false,
        "html": false,
        "json": true,
        "reportDir": "cypress/reports"
      },
      "version": "6.2.0"
    }
  }
}