{
  "stats": {
    "suites": 1,
    "tests": 2,
    "passes": 2,
    "pending": 0,
    "failures": 0,
    "start": "2022-10-01T18:48:35.684Z",
    "end": "2022-10-01T18:48:43.279Z",
    "duration": 7595,
    "testsRegistered": 2,
    "passPercent": 100,
    "pendingPercent": 0,
    "other": 0,
    "hasOther": false,
    "skipped": 0,
    "hasSkipped": false
  },
  "results": [
    {
      "uuid": "a7c1edc4-1b0e-4aea-8138-d1b1a12eda88",
      "title": "",
      "fullFile": "cypress\\e2e\\2-advanced-examples\\MyFirstTest.cy.js",
      "file": "cypress\\e2e\\2-advanced-examples\\MyFirstTest.cy.js",
      "beforeHooks": [],
      "afterHooks": [],
      "tests": [],
      "suites": [
        {
          "uuid": "fe0449f7-cb3c-41ee-a05e-3a151d53068e",
          "title": "My first Script",
          "fullFile": "",
          "file": "",
          "beforeHooks": [],
          "afterHooks": [],
          "tests": [
            {
              "title": "Verify title of the page",
              "fullTitle": "My first Script Verify title of the page",
              "timedOut": null,
              "duration": 1272,
              "state": "passed",
              "speed": "fast",
              "pass": true,
              "fail": false,
              "pending": false,
              "context": null,
              "code": "cy.visit('https://demo.nopcommerce.com/');\ncy.title().should('eq', 'nopCommerce demo store');",
              "err": {},
              "uuid": "486856e2-c041-4f1c-a1ab-f3e703ba8ff3",
              "parentUUID": "fe0449f7-cb3c-41ee-a05e-3a151d53068e",
              "isHook": false,
              "skipped": false
            },
            {
              "title": "Verify product is available on the page",
              "fullTitle": "My first Script Verify product is available on the page",
              "timedOut": null,
              "duration": 3473,
              "state": "passed",
              "speed": "fast",
              "pass": true,
              "fail": false,
              "pending": false,
              "context": null,
              "code": "cy.visit('https://demo.nopcommerce.com/');\ncy.get(\"#small-searchterms\").type('Apple MacBook Pro 13-inch');\ncy.get(\".search-box-button[type='submit']\").click(); //cy.get(\"#product_enteredQuantity_4\").clear().type('1');\n// cy.get(\"#add-to-cart-button-4\").click();\n//cy.wait(5000);\n//#topcartlink > a > span.cart-label\n// cy.get(\"#topcartlink > a > span.cart-label\").click();\n// cy.wait(5000);",
              "err": {},
              "uuid": "d255daea-bf1a-4a90-8c83-c752706fb5f2",
              "parentUUID": "fe0449f7-cb3c-41ee-a05e-3a151d53068e",
              "isHook": false,
              "skipped": false
            }
          ],
          "suites": [],
          "passes": [
            "486856e2-c041-4f1c-a1ab-f3e703ba8ff3",
            "d255daea-bf1a-4a90-8c83-c752706fb5f2"
          ],
          "failures": [],
          "pending": [],
          "skipped": [],
          "duration": 4745,
          "root": false,
          "rootEmpty": false,
          "_timeout": 2000
        }
      ],
      "passes": [],
      "failures": [],
      "pending": [],
      "skipped": [],
      "duration": 0,
      "root": true,
      "rootEmpty": true,
      "_timeout": 2000
    }
  ],
  "meta": {
    "mocha": {
      "version": "7.0.1"
    },
    "mochawesome": {
      "options": {
        "quiet": false,
        "reportFilename": "mochawesome",
        "saveHtml": false,
        "saveJson": true,
        "consoleReporter": "spec",
        "useInlineDiffs": false,
        "code": true
      },
      "version": "7.1.3"
    },
    "marge": {
      "options": {
        "charts": true,
        "overwrite": false,
        "html": false,
        "json": true,
        "reportDir": "cypress/reports"
      },
      "version": "6.2.0"
    }
  }
}