{
  "stats": {
    "suites": 1,
    "tests": 1,
    "passes": 1,
    "pending": 0,
    "failures": 0,
    "start": "2022-10-11T07:15:14.184Z",
    "end": "2022-10-11T07:15:25.089Z",
    "duration": 10905,
    "testsRegistered": 1,
    "passPercent": 100,
    "pendingPercent": 0,
    "other": 0,
    "hasOther": false,
    "skipped": 0,
    "hasSkipped": false
  },
  "results": [
    {
      "uuid": "a3eb1dc7-b3e1-46d4-9e72-94700d73358c",
      "title": "",
      "fullFile": "cypress\\e2e\\RahulShetty-class\\EnvVarDemo.cy.js",
      "file": "cypress\\e2e\\RahulShetty-class\\EnvVarDemo.cy.js",
      "beforeHooks": [],
      "afterHooks": [],
      "tests": [],
      "suites": [
        {
          "uuid": "7f90246f-f97d-4970-a5b4-d846899086bc",
          "title": "verify env variable",
          "fullFile": "",
          "file": "",
          "beforeHooks": [],
          "afterHooks": [],
          "tests": [
            {
              "title": "verify user is able to access variable",
              "fullTitle": "verify env variable verify user is able to access variable",
              "timedOut": null,
              "duration": 7757,
              "state": "passed",
              "speed": "medium",
              "pass": true,
              "fail": false,
              "pending": false,
              "context": null,
              "code": "const homePage = new _HomePage.default(); //create object\ncy.visit(Cypress.env('url'));\nhomePage.getRadiobutton1().check();\nhomePage.getDropDownOption().select('option1');\ncy.get('#name').type(this.data.name);",
              "err": {},
              "uuid": "0e1b02d7-7b6f-4b86-a222-1a17f0a2666f",
              "parentUUID": "7f90246f-f97d-4970-a5b4-d846899086bc",
              "isHook": false,
              "skipped": false
            }
          ],
          "suites": [],
          "passes": [
            "0e1b02d7-7b6f-4b86-a222-1a17f0a2666f"
          ],
          "failures": [],
          "pending": [],
          "skipped": [],
          "duration": 7757,
          "root": false,
          "rootEmpty": false,
          "_timeout": 2000
        }
      ],
      "passes": [],
      "failures": [],
      "pending": [],
      "skipped": [],
      "duration": 0,
      "root": true,
      "rootEmpty": true,
      "_timeout": 2000
    }
  ],
  "meta": {
    "mocha": {
      "version": "7.0.1"
    },
    "mochawesome": {
      "options": {
        "quiet": false,
        "reportFilename": "mochawesome",
        "saveHtml": false,
        "saveJson": true,
        "consoleReporter": "spec",
        "useInlineDiffs": false,
        "code": true
      },
      "version": "7.1.3"
    },
    "marge": {
      "options": {
        "charts": true,
        "overwrite": false,
        "html": false,
        "json": true,
        "reportDir": "cypress/reports"
      },
      "version": "6.2.0"
    }
  }
}