{
  "stats": {
    "suites": 1,
    "tests": 1,
    "passes": 1,
    "pending": 0,
    "failures": 0,
    "start": "2022-12-13T07:01:11.747Z",
    "end": "2022-12-13T07:01:21.407Z",
    "duration": 9660,
    "testsRegistered": 1,
    "passPercent": 100,
    "pendingPercent": 0,
    "other": 0,
    "hasOther": false,
    "skipped": 0,
    "hasSkipped": false
  },
  "results": [
    {
      "uuid": "743360f0-329f-44d5-9e56-d6d183d1056d",
      "title": "",
      "fullFile": "cypress\\e2e\\RahulShetty-class\\WebsiteTest.cy.js",
      "file": "cypress\\e2e\\RahulShetty-class\\WebsiteTest.cy.js",
      "beforeHooks": [],
      "afterHooks": [],
      "tests": [],
      "suites": [
        {
          "uuid": "e110d51b-846b-493f-be69-3f16ba8b4bfe",
          "title": "verify basic testing for site",
          "fullFile": "",
          "file": "",
          "beforeHooks": [],
          "afterHooks": [],
          "tests": [
            {
              "title": "verify site test",
              "fullTitle": "verify basic testing for site verify site test",
              "timedOut": null,
              "duration": 8095,
              "state": "passed",
              "speed": "medium",
              "pass": true,
              "fail": false,
              "pending": false,
              "context": null,
              "code": "cy.visit('https://rahulshettyacademy.com/angularpractice/');\ncy.get('input[name=name]:nth-child(2)').type('sushil');\ncy.get('[name=email]').type('sushil@test.com');\ncy.get('#exampleCheck1').check();\ncy.get('Select').select('Female');\ncy.wait(5000);\ncy.get(':nth-child(2) > .nav-link').click();",
              "err": {},
              "uuid": "4e00b44f-0ec2-4e8f-a0c9-f3b86f7cbd4b",
              "parentUUID": "e110d51b-846b-493f-be69-3f16ba8b4bfe",
              "isHook": false,
              "skipped": false
            }
          ],
          "suites": [],
          "passes": [
            "4e00b44f-0ec2-4e8f-a0c9-f3b86f7cbd4b"
          ],
          "failures": [],
          "pending": [],
          "skipped": [],
          "duration": 8095,
          "root": false,
          "rootEmpty": false,
          "_timeout": 2000
        }
      ],
      "passes": [],
      "failures": [],
      "pending": [],
      "skipped": [],
      "duration": 0,
      "root": true,
      "rootEmpty": true,
      "_timeout": 2000
    }
  ],
  "meta": {
    "mocha": {
      "version": "7.0.1"
    },
    "mochawesome": {
      "options": {
        "quiet": false,
        "reportFilename": "mochawesome",
        "saveHtml": false,
        "saveJson": true,
        "consoleReporter": "spec",
        "useInlineDiffs": false,
        "code": true
      },
      "version": "7.1.3"
    },
    "marge": {
      "options": {
        "charts": true,
        "overwrite": false,
        "html": false,
        "json": true,
        "reportDir": "cypress/reports"
      },
      "version": "6.2.0"
    }
  }
}