{
  "stats": {
    "suites": 1,
    "tests": 1,
    "passes": 1,
    "pending": 0,
    "failures": 0,
    "start": "2022-12-13T06:59:07.621Z",
    "end": "2022-12-13T06:59:28.383Z",
    "duration": 20762,
    "testsRegistered": 1,
    "passPercent": 100,
    "pendingPercent": 0,
    "other": 0,
    "hasOther": false,
    "skipped": 0,
    "hasSkipped": false
  },
  "results": [
    {
      "uuid": "6b7d4b73-4d20-4c9f-b6ce-3a98541fb7b3",
      "title": "",
      "fullFile": "cypress\\e2e\\2-advanced-examples\\HandleUIElements.cy.js",
      "file": "cypress\\e2e\\2-advanced-examples\\HandleUIElements.cy.js",
      "beforeHooks": [],
      "afterHooks": [],
      "tests": [],
      "suites": [
        {
          "uuid": "62c85674-ad0f-40db-9c2c-5f0a1f810102",
          "title": "UI Element",
          "fullFile": "",
          "file": "",
          "beforeHooks": [],
          "afterHooks": [],
          "tests": [
            {
              "title": "Handle UI element present on the page",
              "fullTitle": "UI Element Handle UI element present on the page",
              "timedOut": null,
              "duration": 15966,
              "state": "passed",
              "speed": "slow",
              "pass": true,
              "fail": false,
              "pending": false,
              "context": null,
              "code": "//Visit the Demo QA Website\ncy.visit(\"https://demo.guru99.com/test/newtours/reservation.php\");\ncy.title().should('eq', 'Find a Flight: Mercury Tours:');\ncy.get('input[value=roundtrip]').should('be.visible').should('be.checked');\ncy.get('input[value=oneway]').should('be.visible').should('not.be.checked').click();\ncy.get('input[name=findFlights]').should('be.visible').click();\ncy.wait(5000);",
              "err": {},
              "uuid": "700868d1-0084-48aa-9bda-15420cd233b0",
              "parentUUID": "62c85674-ad0f-40db-9c2c-5f0a1f810102",
              "isHook": false,
              "skipped": false
            }
          ],
          "suites": [],
          "passes": [
            "700868d1-0084-48aa-9bda-15420cd233b0"
          ],
          "failures": [],
          "pending": [],
          "skipped": [],
          "duration": 15966,
          "root": false,
          "rootEmpty": false,
          "_timeout": 2000
        }
      ],
      "passes": [],
      "failures": [],
      "pending": [],
      "skipped": [],
      "duration": 0,
      "root": true,
      "rootEmpty": true,
      "_timeout": 2000
    }
  ],
  "meta": {
    "mocha": {
      "version": "7.0.1"
    },
    "mochawesome": {
      "options": {
        "quiet": false,
        "reportFilename": "mochawesome",
        "saveHtml": false,
        "saveJson": true,
        "consoleReporter": "spec",
        "useInlineDiffs": false,
        "code": true
      },
      "version": "7.1.3"
    },
    "marge": {
      "options": {
        "charts": true,
        "overwrite": false,
        "html": false,
        "json": true,
        "reportDir": "cypress/reports"
      },
      "version": "6.2.0"
    }
  }
}