{
  "stats": {
    "suites": 1,
    "tests": 2,
    "passes": 2,
    "pending": 0,
    "failures": 0,
    "start": "2022-10-11T07:13:45.610Z",
    "end": "2022-10-11T07:13:53.131Z",
    "duration": 7521,
    "testsRegistered": 2,
    "passPercent": 100,
    "pendingPercent": 0,
    "other": 0,
    "hasOther": false,
    "skipped": 0,
    "hasSkipped": false
  },
  "results": [
    {
      "uuid": "13fd0bf8-8ea1-495e-a39f-3549cc6a1c08",
      "title": "",
      "fullFile": "cypress\\e2e\\2-advanced-examples\\MyFirstTest.cy.js",
      "file": "cypress\\e2e\\2-advanced-examples\\MyFirstTest.cy.js",
      "beforeHooks": [],
      "afterHooks": [],
      "tests": [],
      "suites": [
        {
          "uuid": "cea2701d-0d0d-4e93-b0bc-e031c64fa380",
          "title": "My first Script",
          "fullFile": "",
          "file": "",
          "beforeHooks": [],
          "afterHooks": [],
          "tests": [
            {
              "title": "Verify title of the page",
              "fullTitle": "My first Script Verify title of the page",
              "timedOut": null,
              "duration": 1160,
              "state": "passed",
              "speed": "fast",
              "pass": true,
              "fail": false,
              "pending": false,
              "context": null,
              "code": "cy.visit('https://demo.nopcommerce.com/');\ncy.title().should('eq', 'nopCommerce demo store');",
              "err": {},
              "uuid": "1282bd05-4035-4d01-b745-bc682e065f22",
              "parentUUID": "cea2701d-0d0d-4e93-b0bc-e031c64fa380",
              "isHook": false,
              "skipped": false
            },
            {
              "title": "Verify product is available on the page",
              "fullTitle": "My first Script Verify product is available on the page",
              "timedOut": null,
              "duration": 3739,
              "state": "passed",
              "speed": "fast",
              "pass": true,
              "fail": false,
              "pending": false,
              "context": null,
              "code": "cy.visit('https://demo.nopcommerce.com/');\ncy.get(\"#small-searchterms\").type('Apple MacBook Pro 13-inch');\ncy.get(\".search-box-button[type='submit']\").click(); //cy.get(\"#product_enteredQuantity_4\").clear().type('1');\n// cy.get(\"#add-to-cart-button-4\").click();\n//cy.wait(5000);\n//#topcartlink > a > span.cart-label\n// cy.get(\"#topcartlink > a > span.cart-label\").click();\n// cy.wait(5000);",
              "err": {},
              "uuid": "8ff4bc4d-2b85-4562-a039-351a38473ca4",
              "parentUUID": "cea2701d-0d0d-4e93-b0bc-e031c64fa380",
              "isHook": false,
              "skipped": false
            }
          ],
          "suites": [],
          "passes": [
            "1282bd05-4035-4d01-b745-bc682e065f22",
            "8ff4bc4d-2b85-4562-a039-351a38473ca4"
          ],
          "failures": [],
          "pending": [],
          "skipped": [],
          "duration": 4899,
          "root": false,
          "rootEmpty": false,
          "_timeout": 2000
        }
      ],
      "passes": [],
      "failures": [],
      "pending": [],
      "skipped": [],
      "duration": 0,
      "root": true,
      "rootEmpty": true,
      "_timeout": 2000
    }
  ],
  "meta": {
    "mocha": {
      "version": "7.0.1"
    },
    "mochawesome": {
      "options": {
        "quiet": false,
        "reportFilename": "mochawesome",
        "saveHtml": false,
        "saveJson": true,
        "consoleReporter": "spec",
        "useInlineDiffs": false,
        "code": true
      },
      "version": "7.1.3"
    },
    "marge": {
      "options": {
        "charts": true,
        "overwrite": false,
        "html": false,
        "json": true,
        "reportDir": "cypress/reports"
      },
      "version": "6.2.0"
    }
  }
}