{
  "stats": {
    "suites": 1,
    "tests": 1,
    "passes": 1,
    "pending": 0,
    "failures": 0,
    "start": "2022-12-13T06:58:55.710Z",
    "end": "2022-12-13T06:59:02.713Z",
    "duration": 7003,
    "testsRegistered": 1,
    "passPercent": 100,
    "pendingPercent": 0,
    "other": 0,
    "hasOther": false,
    "skipped": 0,
    "hasSkipped": false
  },
  "results": [
    {
      "uuid": "952f733d-c8c1-4b89-8289-f180836cc49d",
      "title": "",
      "fullFile": "cypress\\e2e\\2-advanced-examples\\DropDown.cy.js",
      "file": "cypress\\e2e\\2-advanced-examples\\DropDown.cy.js",
      "beforeHooks": [],
      "afterHooks": [],
      "tests": [],
      "suites": [
        {
          "uuid": "e9c44ddb-701c-4652-a464-ea61504170fc",
          "title": "Verify dropdown on web page",
          "fullFile": "",
          "file": "",
          "beforeHooks": [],
          "afterHooks": [],
          "tests": [
            {
              "title": "Verify dropdown",
              "fullTitle": "Verify dropdown on web page Verify dropdown",
              "timedOut": null,
              "duration": 2417,
              "state": "passed",
              "speed": "fast",
              "pass": true,
              "fail": false,
              "pending": false,
              "context": null,
              "code": "cy.visit(\"https://demo.nopcommerce.com/\");\ncy.get('#customerCurrency').select('Euro');",
              "err": {},
              "uuid": "73c6c42d-3d7a-4406-90a8-92a4c9412730",
              "parentUUID": "e9c44ddb-701c-4652-a464-ea61504170fc",
              "isHook": false,
              "skipped": false
            }
          ],
          "suites": [],
          "passes": [
            "73c6c42d-3d7a-4406-90a8-92a4c9412730"
          ],
          "failures": [],
          "pending": [],
          "skipped": [],
          "duration": 2417,
          "root": false,
          "rootEmpty": false,
          "_timeout": 2000
        }
      ],
      "passes": [],
      "failures": [],
      "pending": [],
      "skipped": [],
      "duration": 0,
      "root": true,
      "rootEmpty": true,
      "_timeout": 2000
    }
  ],
  "meta": {
    "mocha": {
      "version": "7.0.1"
    },
    "mochawesome": {
      "options": {
        "quiet": false,
        "reportFilename": "mochawesome",
        "saveHtml": false,
        "saveJson": true,
        "consoleReporter": "spec",
        "useInlineDiffs": false,
        "code": true
      },
      "version": "7.1.3"
    },
    "marge": {
      "options": {
        "charts": true,
        "overwrite": false,
        "html": false,
        "json": true,
        "reportDir": "cypress/reports"
      },
      "version": "6.2.0"
    }
  }
}