{
  "stats": {
    "suites": 1,
    "tests": 1,
    "passes": 1,
    "pending": 0,
    "failures": 0,
    "start": "2022-10-01T18:49:48.457Z",
    "end": "2022-10-01T18:49:57.932Z",
    "duration": 9475,
    "testsRegistered": 1,
    "passPercent": 100,
    "pendingPercent": 0,
    "other": 0,
    "hasOther": false,
    "skipped": 0,
    "hasSkipped": false
  },
  "results": [
    {
      "uuid": "56736f81-5675-401f-ae37-7265744af76f",
      "title": "",
      "fullFile": "cypress\\e2e\\RahulShetty-class\\EnvVarDemo.cy.js",
      "file": "cypress\\e2e\\RahulShetty-class\\EnvVarDemo.cy.js",
      "beforeHooks": [],
      "afterHooks": [],
      "tests": [],
      "suites": [
        {
          "uuid": "30046640-3b03-4656-9764-141d118071e6",
          "title": "verify env variable",
          "fullFile": "",
          "file": "",
          "beforeHooks": [],
          "afterHooks": [],
          "tests": [
            {
              "title": "verify user is able to access variable",
              "fullTitle": "verify env variable verify user is able to access variable",
              "timedOut": null,
              "duration": 6853,
              "state": "passed",
              "speed": "medium",
              "pass": true,
              "fail": false,
              "pending": false,
              "context": null,
              "code": "const homePage = new _HomePage.default(); //create object\ncy.visit(Cypress.env('url'));\nhomePage.getRadiobutton1().check();\nhomePage.getDropDownOption().select('option1');\ncy.get('#name').type(this.data.name);",
              "err": {},
              "uuid": "96e8b29c-e6f5-4045-b8dd-f3a2d3a78731",
              "parentUUID": "30046640-3b03-4656-9764-141d118071e6",
              "isHook": false,
              "skipped": false
            }
          ],
          "suites": [],
          "passes": [
            "96e8b29c-e6f5-4045-b8dd-f3a2d3a78731"
          ],
          "failures": [],
          "pending": [],
          "skipped": [],
          "duration": 6853,
          "root": false,
          "rootEmpty": false,
          "_timeout": 2000
        }
      ],
      "passes": [],
      "failures": [],
      "pending": [],
      "skipped": [],
      "duration": 0,
      "root": true,
      "rootEmpty": true,
      "_timeout": 2000
    }
  ],
  "meta": {
    "mocha": {
      "version": "7.0.1"
    },
    "mochawesome": {
      "options": {
        "quiet": false,
        "reportFilename": "mochawesome",
        "saveHtml": false,
        "saveJson": true,
        "consoleReporter": "spec",
        "useInlineDiffs": false,
        "code": true
      },
      "version": "7.1.3"
    },
    "marge": {
      "options": {
        "charts": true,
        "overwrite": false,
        "html": false,
        "json": true,
        "reportDir": "cypress/reports"
      },
      "version": "6.2.0"
    }
  }
}