{
  "stats": {
    "suites": 1,
    "tests": 2,
    "passes": 2,
    "pending": 0,
    "failures": 0,
    "start": "2022-12-13T06:59:37.340Z",
    "end": "2022-12-13T06:59:46.360Z",
    "duration": 9020,
    "testsRegistered": 2,
    "passPercent": 100,
    "pendingPercent": 0,
    "other": 0,
    "hasOther": false,
    "skipped": 0,
    "hasSkipped": false
  },
  "results": [
    {
      "uuid": "e4bc1cfa-80ab-4156-8971-80d0a83aab1f",
      "title": "",
      "fullFile": "cypress\\e2e\\2-advanced-examples\\MyFirstTest.cy.js",
      "file": "cypress\\e2e\\2-advanced-examples\\MyFirstTest.cy.js",
      "beforeHooks": [],
      "afterHooks": [],
      "tests": [],
      "suites": [
        {
          "uuid": "4ce00f9a-77a5-4b53-9f08-c24d7138df21",
          "title": "My first Script",
          "fullFile": "",
          "file": "",
          "beforeHooks": [],
          "afterHooks": [],
          "tests": [
            {
              "title": "Verify title of the page",
              "fullTitle": "My first Script Verify title of the page",
              "timedOut": null,
              "duration": 1283,
              "state": "passed",
              "speed": "fast",
              "pass": true,
              "fail": false,
              "pending": false,
              "context": null,
              "code": "cy.visit('https://demo.nopcommerce.com/');\ncy.title().should('eq', 'nopCommerce demo store');",
              "err": {},
              "uuid": "76498855-07e8-4814-b839-3ce916ca118e",
              "parentUUID": "4ce00f9a-77a5-4b53-9f08-c24d7138df21",
              "isHook": false,
              "skipped": false
            },
            {
              "title": "Verify product is available on the page",
              "fullTitle": "My first Script Verify product is available on the page",
              "timedOut": null,
              "duration": 3768,
              "state": "passed",
              "speed": "fast",
              "pass": true,
              "fail": false,
              "pending": false,
              "context": null,
              "code": "cy.visit('https://demo.nopcommerce.com/');\ncy.get(\"#small-searchterms\").type('Apple MacBook Pro 13-inch');\ncy.get(\".search-box-button[type='submit']\").click(); //cy.get(\"#product_enteredQuantity_4\").clear().type('1');\n// cy.get(\"#add-to-cart-button-4\").click();\n//cy.wait(5000);\n//#topcartlink > a > span.cart-label\n// cy.get(\"#topcartlink > a > span.cart-label\").click();\n// cy.wait(5000);",
              "err": {},
              "uuid": "3a6bc675-ec46-40c7-a6cf-64fe2a35fe97",
              "parentUUID": "4ce00f9a-77a5-4b53-9f08-c24d7138df21",
              "isHook": false,
              "skipped": false
            }
          ],
          "suites": [],
          "passes": [
            "76498855-07e8-4814-b839-3ce916ca118e",
            "3a6bc675-ec46-40c7-a6cf-64fe2a35fe97"
          ],
          "failures": [],
          "pending": [],
          "skipped": [],
          "duration": 5051,
          "root": false,
          "rootEmpty": false,
          "_timeout": 2000
        }
      ],
      "passes": [],
      "failures": [],
      "pending": [],
      "skipped": [],
      "duration": 0,
      "root": true,
      "rootEmpty": true,
      "_timeout": 2000
    }
  ],
  "meta": {
    "mocha": {
      "version": "7.0.1"
    },
    "mochawesome": {
      "options": {
        "quiet": false,
        "reportFilename": "mochawesome",
        "saveHtml": false,
        "saveJson": true,
        "consoleReporter": "spec",
        "useInlineDiffs": false,
        "code": true
      },
      "version": "7.1.3"
    },
    "marge": {
      "options": {
        "charts": true,
        "overwrite": false,
        "html": false,
        "json": true,
        "reportDir": "cypress/reports"
      },
      "version": "6.2.0"
    }
  }
}