{
  "stats": {
    "suites": 1,
    "tests": 1,
    "passes": 1,
    "pending": 0,
    "failures": 0,
    "start": "2022-10-01T18:50:29.254Z",
    "end": "2022-10-01T18:50:45.207Z",
    "duration": 15953,
    "testsRegistered": 1,
    "passPercent": 100,
    "pendingPercent": 0,
    "other": 0,
    "hasOther": false,
    "skipped": 0,
    "hasSkipped": false
  },
  "results": [
    {
      "uuid": "8a526d53-13d0-44a8-ae42-cc3b2efc0ca6",
      "title": "",
      "fullFile": "cypress\\e2e\\RahulShetty-class\\Test1.cy.js",
      "file": "cypress\\e2e\\RahulShetty-class\\Test1.cy.js",
      "beforeHooks": [],
      "afterHooks": [],
      "tests": [],
      "suites": [
        {
          "uuid": "1b5997ca-9900-48c0-ba6a-7933c726ad59",
          "title": "Test checkbox",
          "fullFile": "",
          "file": "",
          "beforeHooks": [],
          "afterHooks": [],
          "tests": [
            {
              "title": "verify check box functionality",
              "fullTitle": "Test checkbox verify check box functionality",
              "timedOut": null,
              "duration": 12245,
              "state": "passed",
              "speed": "slow",
              "pass": true,
              "fail": false,
              "pending": false,
              "context": null,
              "code": "//Check boxes\ncy.visit(\"http://qaclickacademy.com/practice.php\");\ncy.get('#alertbtn').click();\ncy.get('[value=\"Confirm\"]').click(); //window:alert\ncy.on('window:alert', str => {\n  //Mocha\n  expect(str).to.equal('Hello , share this practice page and share your knowledge');\n});\ncy.on('window:confirm', str => {\n  //Mocha\n  expect(str).to.equal('Hello , Are you sure you want to confirm?');\n});\ncy.get('#opentab').invoke('removeAttr', 'target').click();\ncy.url().should('include', 'rahulshetty');\ncy.go('back');",
              "err": {},
              "uuid": "1dc2d0f8-11cb-4ca7-bcfc-4e87a59b6072",
              "parentUUID": "1b5997ca-9900-48c0-ba6a-7933c726ad59",
              "isHook": false,
              "skipped": false
            }
          ],
          "suites": [],
          "passes": [
            "1dc2d0f8-11cb-4ca7-bcfc-4e87a59b6072"
          ],
          "failures": [],
          "pending": [],
          "skipped": [],
          "duration": 12245,
          "root": false,
          "rootEmpty": false,
          "_timeout": 2000
        }
      ],
      "passes": [],
      "failures": [],
      "pending": [],
      "skipped": [],
      "duration": 0,
      "root": true,
      "rootEmpty": true,
      "_timeout": 2000
    }
  ],
  "meta": {
    "mocha": {
      "version": "7.0.1"
    },
    "mochawesome": {
      "options": {
        "quiet": false,
        "reportFilename": "mochawesome",
        "saveHtml": false,
        "saveJson": true,
        "consoleReporter": "spec",
        "useInlineDiffs": false,
        "code": true
      },
      "version": "7.1.3"
    },
    "marge": {
      "options": {
        "charts": true,
        "overwrite": false,
        "html": false,
        "json": true,
        "reportDir": "cypress/reports"
      },
      "version": "6.2.0"
    }
  }
}