{
  "stats": {
    "suites": 1,
    "tests": 1,
    "passes": 1,
    "pending": 0,
    "failures": 0,
    "start": "2022-12-13T07:00:52.745Z",
    "end": "2022-12-13T07:01:06.868Z",
    "duration": 14123,
    "testsRegistered": 1,
    "passPercent": 100,
    "pendingPercent": 0,
    "other": 0,
    "hasOther": false,
    "skipped": 0,
    "hasSkipped": false
  },
  "results": [
    {
      "uuid": "5615e070-7f0e-406d-aeb1-8ad712dc2a33",
      "title": "",
      "fullFile": "cypress\\e2e\\RahulShetty-class\\Test1.cy.js",
      "file": "cypress\\e2e\\RahulShetty-class\\Test1.cy.js",
      "beforeHooks": [],
      "afterHooks": [],
      "tests": [],
      "suites": [
        {
          "uuid": "2645b3e3-c3cd-4bd2-b844-ca94a7935ac7",
          "title": "Test checkbox",
          "fullFile": "",
          "file": "",
          "beforeHooks": [],
          "afterHooks": [],
          "tests": [
            {
              "title": "verify check box functionality",
              "fullTitle": "Test checkbox verify check box functionality",
              "timedOut": null,
              "duration": 10958,
              "state": "passed",
              "speed": "slow",
              "pass": true,
              "fail": false,
              "pending": false,
              "context": null,
              "code": "//Check boxes\ncy.visit(\"http://qaclickacademy.com/practice.php\");\ncy.get('#alertbtn').click();\ncy.get('[value=\"Confirm\"]').click(); //window:alert\ncy.on('window:alert', str => {\n  //Mocha\n  expect(str).to.equal('Hello , share this practice page and share your knowledge');\n});\ncy.on('window:confirm', str => {\n  //Mocha\n  expect(str).to.equal('Hello , Are you sure you want to confirm?');\n});\ncy.get('#opentab').invoke('removeAttr', 'target').click();\ncy.url().should('include', 'rahulshetty');\ncy.go('back');",
              "err": {},
              "uuid": "8ff12df2-1eab-449d-9316-0f3f3e7b51b6",
              "parentUUID": "2645b3e3-c3cd-4bd2-b844-ca94a7935ac7",
              "isHook": false,
              "skipped": false
            }
          ],
          "suites": [],
          "passes": [
            "8ff12df2-1eab-449d-9316-0f3f3e7b51b6"
          ],
          "failures": [],
          "pending": [],
          "skipped": [],
          "duration": 10958,
          "root": false,
          "rootEmpty": false,
          "_timeout": 2000
        }
      ],
      "passes": [],
      "failures": [],
      "pending": [],
      "skipped": [],
      "duration": 0,
      "root": true,
      "rootEmpty": true,
      "_timeout": 2000
    }
  ],
  "meta": {
    "mocha": {
      "version": "7.0.1"
    },
    "mochawesome": {
      "options": {
        "quiet": false,
        "reportFilename": "mochawesome",
        "saveHtml": false,
        "saveJson": true,
        "consoleReporter": "spec",
        "useInlineDiffs": false,
        "code": true
      },
      "version": "7.1.3"
    },
    "marge": {
      "options": {
        "charts": true,
        "overwrite": false,
        "html": false,
        "json": true,
        "reportDir": "cypress/reports"
      },
      "version": "6.2.0"
    }
  }
}