{
  "stats": {
    "suites": 1,
    "tests": 1,
    "passes": 0,
    "pending": 0,
    "failures": 1,
    "start": "2022-12-13T06:57:54.363Z",
    "end": "2022-12-13T06:58:11.396Z",
    "duration": 17033,
    "testsRegistered": 1,
    "passPercent": 0,
    "pendingPercent": 0,
    "other": 0,
    "hasOther": false,
    "skipped": 0,
    "hasSkipped": false
  },
  "results": [
    {
      "uuid": "f957e318-0f09-4ffa-a88a-ee98f1a5e32c",
      "title": "",
      "fullFile": "cypress\\e2e\\OrangeHRM\\Login.cy.js",
      "file": "cypress\\e2e\\OrangeHRM\\Login.cy.js",
      "beforeHooks": [],
      "afterHooks": [],
      "tests": [],
      "suites": [
        {
          "uuid": "df0ab981-b44f-4c8b-855c-9d9800470c8c",
          "title": "Verfy Orange HRM portal",
          "fullFile": "",
          "file": "",
          "beforeHooks": [],
          "afterHooks": [],
          "tests": [
            {
              "title": "Verfiy Login functionality",
              "fullTitle": "Verfy Orange HRM portal Verfiy Login functionality",
              "timedOut": null,
              "duration": 12451,
              "state": "failed",
              "speed": null,
              "pass": false,
              "fail": true,
              "pending": false,
              "context": null,
              "code": "cy.visit('https://opensource-demo.orangehrmlive.com/web/index.php/auth/login');\ncy.get('[name=username]').type('Admin');\ncy.get('[name=password]').type('admin123');\ncy.get('[type=submit]').should('contain', 'Login').should('have.class', 'oxd-button');\ncy.get('[type=submit]').click();\ncy.url().should('include', 'viewEmployeeList');\ncy.get(':nth-child(3) > .oxd-input-group > :nth-child(2) > .oxd-select-wrapper > .oxd-select-text > .oxd-select-text--after > .oxd-icon').click({\n  force: true\n});\ncy.contains('Full-Time Contract').click({\n  force: true\n});\ncy.wait(5000);",
              "err": {
                "message": "AssertionError: Timed out retrying after 4000ms: expected 'https://opensource-demo.orangehrmlive.com/web/index.php/dashboard/index' to include 'viewEmployeeList'",
                "estack": "AssertionError: Timed out retrying after 4000ms: expected 'https://opensource-demo.orangehrmlive.com/web/index.php/dashboard/index' to include 'viewEmployeeList'\n    at Context.eval (https://opensource-demo.orangehrmlive.com/__cypress/tests?p=cypress\\e2e\\OrangeHRM\\Login.cy.js:106:14)",
                "diff": null
              },
              "uuid": "4f44619f-2ec1-4ce0-bc25-7d10a14e5abf",
              "parentUUID": "df0ab981-b44f-4c8b-855c-9d9800470c8c",
              "isHook": false,
              "skipped": false
            }
          ],
          "suites": [],
          "passes": [],
          "failures": [
            "4f44619f-2ec1-4ce0-bc25-7d10a14e5abf"
          ],
          "pending": [],
          "skipped": [],
          "duration": 12451,
          "root": false,
          "rootEmpty": false,
          "_timeout": 2000
        }
      ],
      "passes": [],
      "failures": [],
      "pending": [],
      "skipped": [],
      "duration": 0,
      "root": true,
      "rootEmpty": true,
      "_timeout": 2000
    }
  ],
  "meta": {
    "mocha": {
      "version": "7.0.1"
    },
    "mochawesome": {
      "options": {
        "quiet": false,
        "reportFilename": "mochawesome",
        "saveHtml": false,
        "saveJson": true,
        "consoleReporter": "spec",
        "useInlineDiffs": false,
        "code": true
      },
      "version": "7.1.3"
    },
    "marge": {
      "options": {
        "charts": true,
        "overwrite": false,
        "html": false,
        "json": true,
        "reportDir": "cypress/reports"
      },
      "version": "6.2.0"
    }
  }
}