{
  "stats": {
    "suites": 1,
    "tests": 1,
    "passes": 0,
    "pending": 0,
    "failures": 1,
    "start": "2022-10-11T07:13:58.472Z",
    "end": "2022-10-11T07:14:02.848Z",
    "duration": 4376,
    "testsRegistered": 1,
    "passPercent": 0,
    "pendingPercent": 0,
    "other": 0,
    "hasOther": false,
    "skipped": 0,
    "hasSkipped": false
  },
  "results": [
    {
      "uuid": "3421cb86-53f0-4341-a479-28f291ed2544",
      "title": "",
      "fullFile": "cypress\\e2e\\2-advanced-examples\\RadioAndCheckbox.cy.js",
      "file": "cypress\\e2e\\2-advanced-examples\\RadioAndCheckbox.cy.js",
      "beforeHooks": [],
      "afterHooks": [],
      "tests": [],
      "suites": [
        {
          "uuid": "7d657c5d-a697-4142-b172-30f13f1db97c",
          "title": "Verify Radio and checkbox on web page",
          "fullFile": "",
          "file": "",
          "beforeHooks": [],
          "afterHooks": [],
          "tests": [
            {
              "title": "Verify Radio and checkbox",
              "fullTitle": "Verify Radio and checkbox on web page Verify Radio and checkbox",
              "timedOut": null,
              "duration": 1574,
              "state": "failed",
              "speed": null,
              "pass": false,
              "fail": true,
              "pending": false,
              "context": null,
              "code": "cy.visit('http://demo.automationtesting.in/Register.html');\ncy.title().should('eq', 'Register');\ncy.get('[placeholder=First Name]').type('sushil');\ncy.get('[placeholder=Last Name]').type('sawai');\ncy.get('[value=Male]').check().should('be.checked');\ncy.get('#checkbox1').check().should('be.checked').and('have.value', 'Cricket');\ncy.get('#checkbox1').uncheck();\ncy.get('#checkbox2').check();",
              "err": {
                "message": "ReferenceError: The following error originated from your application code, not from Cypress.\n\n  > angular is not defined\n\nWhen Cypress detects uncaught errors originating from your application it will automatically fail the current test.\n\nThis behavior is configurable, and you can choose to turn this off by listening to the `uncaught:exception` event.\n\nhttps://on.cypress.io/uncaught-exception-from-application",
                "estack": "ReferenceError: The following error originated from your application code, not from Cypress.\n\n  > angular is not defined\n\nWhen Cypress detects uncaught errors originating from your application it will automatically fail the current test.\n\nThis behavior is configurable, and you can choose to turn this off by listening to the `uncaught:exception` event.\n\nhttps://on.cypress.io/uncaught-exception-from-application\n    at https://demo.automationtesting.in/angcontroller.js:6:9",
                "diff": null
              },
              "uuid": "0c613f82-2272-4a49-9f0b-6c1a1271f758",
              "parentUUID": "7d657c5d-a697-4142-b172-30f13f1db97c",
              "isHook": false,
              "skipped": false
            }
          ],
          "suites": [],
          "passes": [],
          "failures": [
            "0c613f82-2272-4a49-9f0b-6c1a1271f758"
          ],
          "pending": [],
          "skipped": [],
          "duration": 1574,
          "root": false,
          "rootEmpty": false,
          "_timeout": 2000
        }
      ],
      "passes": [],
      "failures": [],
      "pending": [],
      "skipped": [],
      "duration": 0,
      "root": true,
      "rootEmpty": true,
      "_timeout": 2000
    }
  ],
  "meta": {
    "mocha": {
      "version": "7.0.1"
    },
    "mochawesome": {
      "options": {
        "quiet": false,
        "reportFilename": "mochawesome",
        "saveHtml": false,
        "saveJson": true,
        "consoleReporter": "spec",
        "useInlineDiffs": false,
        "code": true
      },
      "version": "7.1.3"
    },
    "marge": {
      "options": {
        "charts": true,
        "overwrite": false,
        "html": false,
        "json": true,
        "reportDir": "cypress/reports"
      },
      "version": "6.2.0"
    }
  }
}