{
  "stats": {
    "suites": 1,
    "tests": 1,
    "passes": 1,
    "pending": 0,
    "failures": 0,
    "start": "2022-10-01T18:48:58.377Z",
    "end": "2022-10-01T18:49:11.169Z",
    "duration": 12792,
    "testsRegistered": 1,
    "passPercent": 100,
    "pendingPercent": 0,
    "other": 0,
    "hasOther": false,
    "skipped": 0,
    "hasSkipped": false
  },
  "results": [
    {
      "uuid": "34f13909-631b-40bd-8086-62b0c154b63a",
      "title": "",
      "fullFile": "cypress\\e2e\\OrangeHRM\\Login.cy.js",
      "file": "cypress\\e2e\\OrangeHRM\\Login.cy.js",
      "beforeHooks": [],
      "afterHooks": [],
      "tests": [],
      "suites": [
        {
          "uuid": "5cd0747f-cbbb-4bea-997f-9bdf78dd8d77",
          "title": "Verfy Orange HRM portal",
          "fullFile": "",
          "file": "",
          "beforeHooks": [],
          "afterHooks": [],
          "tests": [
            {
              "title": "Verfiy Login functionality",
              "fullTitle": "Verfy Orange HRM portal Verfiy Login functionality",
              "timedOut": null,
              "duration": 8960,
              "state": "passed",
              "speed": "medium",
              "pass": true,
              "fail": false,
              "pending": false,
              "context": null,
              "code": "cy.visit('https://opensource-demo.orangehrmlive.com/web/index.php/auth/login');\ncy.get('[name=username]').type('Admin');\ncy.get('[name=password]').type('admin123');\ncy.get('[type=submit]').should('contain', 'Login').should('have.class', 'oxd-button');\ncy.get('[type=submit]').click();\ncy.url().should('include', 'viewEmployeeList');",
              "err": {},
              "uuid": "3f401d03-6fbe-4f06-8465-72ca16f976ad",
              "parentUUID": "5cd0747f-cbbb-4bea-997f-9bdf78dd8d77",
              "isHook": false,
              "skipped": false
            }
          ],
          "suites": [],
          "passes": [
            "3f401d03-6fbe-4f06-8465-72ca16f976ad"
          ],
          "failures": [],
          "pending": [],
          "skipped": [],
          "duration": 8960,
          "root": false,
          "rootEmpty": false,
          "_timeout": 2000
        }
      ],
      "passes": [],
      "failures": [],
      "pending": [],
      "skipped": [],
      "duration": 0,
      "root": true,
      "rootEmpty": true,
      "_timeout": 2000
    }
  ],
  "meta": {
    "mocha": {
      "version": "7.0.1"
    },
    "mochawesome": {
      "options": {
        "quiet": false,
        "reportFilename": "mochawesome",
        "saveHtml": false,
        "saveJson": true,
        "consoleReporter": "spec",
        "useInlineDiffs": false,
        "code": true
      },
      "version": "7.1.3"
    },
    "marge": {
      "options": {
        "charts": true,
        "overwrite": false,
        "html": false,
        "json": true,
        "reportDir": "cypress/reports"
      },
      "version": "6.2.0"
    }
  }
}