{
  "stats": {
    "suites": 1,
    "tests": 1,
    "passes": 1,
    "pending": 0,
    "failures": 0,
    "start": "2022-10-11T07:14:15.061Z",
    "end": "2022-10-11T07:14:34.177Z",
    "duration": 19116,
    "testsRegistered": 1,
    "passPercent": 100,
    "pendingPercent": 0,
    "other": 0,
    "hasOther": false,
    "skipped": 0,
    "hasSkipped": false
  },
  "results": [
    {
      "uuid": "d5c7f93c-42cf-4fd7-8d1f-88a833f197e5",
      "title": "",
      "fullFile": "cypress\\e2e\\OrangeHRM\\Login.cy.js",
      "file": "cypress\\e2e\\OrangeHRM\\Login.cy.js",
      "beforeHooks": [],
      "afterHooks": [],
      "tests": [],
      "suites": [
        {
          "uuid": "8f072ffc-9315-4475-87e6-18344534779c",
          "title": "Verfy Orange HRM portal",
          "fullFile": "",
          "file": "",
          "beforeHooks": [],
          "afterHooks": [],
          "tests": [
            {
              "title": "Verfiy Login functionality",
              "fullTitle": "Verfy Orange HRM portal Verfiy Login functionality",
              "timedOut": null,
              "duration": 15058,
              "state": "passed",
              "speed": "slow",
              "pass": true,
              "fail": false,
              "pending": false,
              "context": null,
              "code": "cy.visit('https://opensource-demo.orangehrmlive.com/web/index.php/auth/login');\ncy.get('[name=username]').type('Admin');\ncy.get('[name=password]').type('admin123');\ncy.get('[type=submit]').should('contain', 'Login').should('have.class', 'oxd-button');\ncy.get('[type=submit]').click();\ncy.url().should('include', 'viewEmployeeList');\ncy.get(':nth-child(3) > .oxd-input-group > :nth-child(2) > .oxd-select-wrapper > .oxd-select-text > .oxd-select-text--after > .oxd-icon').click({\n  force: true\n});\ncy.contains('Full-Time Contract').click({\n  force: true\n});\ncy.wait(5000);",
              "err": {},
              "uuid": "8c240ff1-7bfa-4925-8293-5f300f6142bd",
              "parentUUID": "8f072ffc-9315-4475-87e6-18344534779c",
              "isHook": false,
              "skipped": false
            }
          ],
          "suites": [],
          "passes": [
            "8c240ff1-7bfa-4925-8293-5f300f6142bd"
          ],
          "failures": [],
          "pending": [],
          "skipped": [],
          "duration": 15058,
          "root": false,
          "rootEmpty": false,
          "_timeout": 2000
        }
      ],
      "passes": [],
      "failures": [],
      "pending": [],
      "skipped": [],
      "duration": 0,
      "root": true,
      "rootEmpty": true,
      "_timeout": 2000
    }
  ],
  "meta": {
    "mocha": {
      "version": "7.0.1"
    },
    "mochawesome": {
      "options": {
        "quiet": false,
        "reportFilename": "mochawesome",
        "saveHtml": false,
        "saveJson": true,
        "consoleReporter": "spec",
        "useInlineDiffs": false,
        "code": true
      },
      "version": "7.1.3"
    },
    "marge": {
      "options": {
        "charts": true,
        "overwrite": false,
        "html": false,
        "json": true,
        "reportDir": "cypress/reports"
      },
      "version": "6.2.0"
    }
  }
}