{
  "stats": {
    "suites": 1,
    "tests": 1,
    "passes": 1,
    "pending": 0,
    "failures": 0,
    "start": "2022-10-11T07:12:56.154Z",
    "end": "2022-10-11T07:13:05.746Z",
    "duration": 9592,
    "testsRegistered": 1,
    "passPercent": 100,
    "pendingPercent": 0,
    "other": 0,
    "hasOther": false,
    "skipped": 0,
    "hasSkipped": false
  },
  "results": [
    {
      "uuid": "b1fb8826-a020-44b8-baef-f1295c378d9b",
      "title": "",
      "fullFile": "cypress\\e2e\\2-advanced-examples\\Alert.cy.js",
      "file": "cypress\\e2e\\2-advanced-examples\\Alert.cy.js",
      "beforeHooks": [],
      "afterHooks": [],
      "tests": [],
      "suites": [
        {
          "uuid": "eb4678cc-cccb-4e44-a96d-850072059e96",
          "title": "Verify alert on web page",
          "fullFile": "",
          "file": "",
          "beforeHooks": [],
          "afterHooks": [],
          "tests": [
            {
              "title": "Verify alert popup",
              "fullTitle": "Verify alert on web page Verify alert popup",
              "timedOut": null,
              "duration": 6343,
              "state": "passed",
              "speed": "medium",
              "pass": true,
              "fail": false,
              "pending": false,
              "context": null,
              "code": "cy.visit(\"https://testautomationpractice.blogspot.com/\"); //  cy.get('#alertButton').click();\ncy.get('#HTML9 > div.widget-content > button').click();\ncy.on('window:confirm', str => {\n  expect(str).to.equal('Press a button!');\n});",
              "err": {},
              "uuid": "17cea709-7287-4a65-b4bb-f4407cb6dc64",
              "parentUUID": "eb4678cc-cccb-4e44-a96d-850072059e96",
              "isHook": false,
              "skipped": false
            }
          ],
          "suites": [],
          "passes": [
            "17cea709-7287-4a65-b4bb-f4407cb6dc64"
          ],
          "failures": [],
          "pending": [],
          "skipped": [],
          "duration": 6343,
          "root": false,
          "rootEmpty": false,
          "_timeout": 2000
        }
      ],
      "passes": [],
      "failures": [],
      "pending": [],
      "skipped": [],
      "duration": 0,
      "root": true,
      "rootEmpty": true,
      "_timeout": 2000
    }
  ],
  "meta": {
    "mocha": {
      "version": "7.0.1"
    },
    "mochawesome": {
      "options": {
        "quiet": false,
        "reportFilename": "mochawesome",
        "saveHtml": false,
        "saveJson": true,
        "consoleReporter": "spec",
        "useInlineDiffs": false,
        "code": true
      },
      "version": "7.1.3"
    },
    "marge": {
      "options": {
        "charts": true,
        "overwrite": false,
        "html": false,
        "json": true,
        "reportDir": "cypress/reports"
      },
      "version": "6.2.0"
    }
  }
}