{
  "stats": {
    "suites": 1,
    "tests": 1,
    "passes": 0,
    "pending": 0,
    "failures": 1,
    "start": "2022-10-01T18:50:02.030Z",
    "end": "2022-10-01T18:50:10.064Z",
    "duration": 8034,
    "testsRegistered": 1,
    "passPercent": 0,
    "pendingPercent": 0,
    "other": 0,
    "hasOther": false,
    "skipped": 0,
    "hasSkipped": false
  },
  "results": [
    {
      "uuid": "004b8307-3bcc-43be-b242-5bfd5ad294f7",
      "title": "",
      "fullFile": "cypress\\e2e\\RahulShetty-class\\FramesDemo.cy.js",
      "file": "cypress\\e2e\\RahulShetty-class\\FramesDemo.cy.js",
      "beforeHooks": [],
      "afterHooks": [],
      "tests": [],
      "suites": [
        {
          "uuid": "935421d7-fa3b-474b-beec-d694f391f20a",
          "title": "Verify frames on the page",
          "fullFile": "",
          "file": "",
          "beforeHooks": [],
          "afterHooks": [],
          "tests": [
            {
              "title": "Verify frames",
              "fullTitle": "Verify frames on the page Verify frames",
              "timedOut": null,
              "duration": 6424,
              "state": "failed",
              "speed": null,
              "pass": false,
              "fail": true,
              "pending": false,
              "context": null,
              "code": "cy.visit(\"https://rahulshettyacademy.com/AutomationPractice/\");\ncy.frameLoaded('#courses-iframe');\ncy.iframe().find(\"a[href=mentorship]\").eq(0).click();\ncy.iframe().find(\"h1[class=pricing-title]\").should('have.length');",
              "err": {
                "message": "SecurityError: Blocked a frame with origin \"https://rahulshettyacademy.com\" from accessing a cross-origin frame.",
                "estack": "SecurityError: Blocked a frame with origin \"https://rahulshettyacademy.com\" from accessing a cross-origin frame.\nError: Blocked a frame with origin \"https://rahulshettyacademy.com\" from accessing a cross-origin frame.\n    at hasNavigated (https://rahulshettyacademy.com/__cypress/tests?p=cypress\\e2e\\RahulShetty-class\\FramesDemo.cy.js:215:71)\n    at Object.eval (https://rahulshettyacademy.com/__cypress/tests?p=cypress\\e2e\\RahulShetty-class\\FramesDemo.cy.js:218:27)\n    at step (https://rahulshettyacademy.com/__cypress/tests?p=cypress\\e2e\\RahulShetty-class\\FramesDemo.cy.js:161:23)\n    at Object.eval [as next] (https://rahulshettyacademy.com/__cypress/tests?p=cypress\\e2e\\RahulShetty-class\\FramesDemo.cy.js:142:53)\n    at eval (https://rahulshettyacademy.com/__cypress/tests?p=cypress\\e2e\\RahulShetty-class\\FramesDemo.cy.js:136:71)\n    at new Promise (<anonymous>)\n    at ./node_modules/cypress-iframe/dist/index.js.__awaiter (https://rahulshettyacademy.com/__cypress/tests?p=cypress\\e2e\\RahulShetty-class\\FramesDemo.cy.js:132:12)\n    at Context.eval (https://rahulshettyacademy.com/__cypress/tests?p=cypress\\e2e\\RahulShetty-class\\FramesDemo.cy.js:197:108)",
                "diff": null
              },
              "uuid": "7f794343-a12b-43a9-bbda-27d2531598b2",
              "parentUUID": "935421d7-fa3b-474b-beec-d694f391f20a",
              "isHook": false,
              "skipped": false
            }
          ],
          "suites": [],
          "passes": [],
          "failures": [
            "7f794343-a12b-43a9-bbda-27d2531598b2"
          ],
          "pending": [],
          "skipped": [],
          "duration": 6424,
          "root": false,
          "rootEmpty": false,
          "_timeout": 2000
        }
      ],
      "passes": [],
      "failures": [],
      "pending": [],
      "skipped": [],
      "duration": 0,
      "root": true,
      "rootEmpty": true,
      "_timeout": 2000
    }
  ],
  "meta": {
    "mocha": {
      "version": "7.0.1"
    },
    "mochawesome": {
      "options": {
        "quiet": false,
        "reportFilename": "mochawesome",
        "saveHtml": false,
        "saveJson": true,
        "consoleReporter": "spec",
        "useInlineDiffs": false,
        "code": true
      },
      "version": "7.1.3"
    },
    "marge": {
      "options": {
        "charts": true,
        "overwrite": false,
        "html": false,
        "json": true,
        "reportDir": "cypress/reports"
      },
      "version": "6.2.0"
    }
  }
}