{
  "stats": {
    "suites": 1,
    "tests": 1,
    "passes": 0,
    "pending": 0,
    "failures": 1,
    "start": "2022-10-11T07:15:29.841Z",
    "end": "2022-10-11T07:15:43.554Z",
    "duration": 13713,
    "testsRegistered": 1,
    "passPercent": 0,
    "pendingPercent": 0,
    "other": 0,
    "hasOther": false,
    "skipped": 0,
    "hasSkipped": false
  },
  "results": [
    {
      "uuid": "cf0e19d6-0b16-40e6-a0f1-72aef9f45e03",
      "title": "",
      "fullFile": "cypress\\e2e\\RahulShetty-class\\FramesDemo.cy.js",
      "file": "cypress\\e2e\\RahulShetty-class\\FramesDemo.cy.js",
      "beforeHooks": [],
      "afterHooks": [],
      "tests": [],
      "suites": [
        {
          "uuid": "7202b712-e5a4-4e21-85a0-f596bda93bc2",
          "title": "Verify frames on the page",
          "fullFile": "",
          "file": "",
          "beforeHooks": [],
          "afterHooks": [],
          "tests": [
            {
              "title": "Verify frames",
              "fullTitle": "Verify frames on the page Verify frames",
              "timedOut": null,
              "duration": 11441,
              "state": "failed",
              "speed": null,
              "pass": false,
              "fail": true,
              "pending": false,
              "context": null,
              "code": "cy.visit(\"https://rahulshettyacademy.com/AutomationPractice/\");\ncy.frameLoaded('#courses-iframe');\ncy.iframe().find(\"a[href=mentorship]\").eq(0).click();\ncy.iframe().find(\"h1[class=pricing-title]\").should('have.length');",
              "err": {
                "message": "AssertionError: Timed out retrying after 4000ms: Expected to find element: `h1[class=pricing-title]`, but never found it. Queried from element: <body>",
                "estack": "AssertionError: Timed out retrying after 4000ms: Expected to find element: `h1[class=pricing-title]`, but never found it. Queried from element: <body>\n    at Context.eval (https://rahulshettyacademy.com/__cypress/tests?p=cypress\\e2e\\RahulShetty-class\\FramesDemo.cy.js:106:49)",
                "diff": null
              },
              "uuid": "c7109e03-c847-4b08-bfed-0e4740c29791",
              "parentUUID": "7202b712-e5a4-4e21-85a0-f596bda93bc2",
              "isHook": false,
              "skipped": false
            }
          ],
          "suites": [],
          "passes": [],
          "failures": [
            "c7109e03-c847-4b08-bfed-0e4740c29791"
          ],
          "pending": [],
          "skipped": [],
          "duration": 11441,
          "root": false,
          "rootEmpty": false,
          "_timeout": 2000
        }
      ],
      "passes": [],
      "failures": [],
      "pending": [],
      "skipped": [],
      "duration": 0,
      "root": true,
      "rootEmpty": true,
      "_timeout": 2000
    }
  ],
  "meta": {
    "mocha": {
      "version": "7.0.1"
    },
    "mochawesome": {
      "options": {
        "quiet": false,
        "reportFilename": "mochawesome",
        "saveHtml": false,
        "saveJson": true,
        "consoleReporter": "spec",
        "useInlineDiffs": false,
        "code": true
      },
      "version": "7.1.3"
    },
    "marge": {
      "options": {
        "charts": true,
        "overwrite": false,
        "html": false,
        "json": true,
        "reportDir": "cypress/reports"
      },
      "version": "6.2.0"
    }
  }
}