{
  "stats": {
    "suites": 1,
    "tests": 1,
    "passes": 1,
    "pending": 0,
    "failures": 0,
    "start": "2022-10-11T07:14:54.801Z",
    "end": "2022-10-11T07:14:57.797Z",
    "duration": 2996,
    "testsRegistered": 1,
    "passPercent": 100,
    "pendingPercent": 0,
    "other": 0,
    "hasOther": false,
    "skipped": 0,
    "hasSkipped": false
  },
  "results": [
    {
      "uuid": "282a311c-8b2b-4da8-bdea-bc543ffffe76",
      "title": "",
      "fullFile": "cypress\\e2e\\OrangeHRM\\TableNavigation.cy.js",
      "file": "cypress\\e2e\\OrangeHRM\\TableNavigation.cy.js",
      "beforeHooks": [],
      "afterHooks": [],
      "tests": [],
      "suites": [
        {
          "uuid": "9a79461d-b879-4195-8d92-e5ebc0fb64fb",
          "title": "Verify table value",
          "fullFile": "",
          "file": "",
          "beforeHooks": [],
          "afterHooks": [],
          "tests": [
            {
              "title": "Verify nth column valude from table",
              "fullTitle": "Verify table value Verify nth column valude from table",
              "timedOut": null,
              "duration": 603,
              "state": "passed",
              "speed": "fast",
              "pass": true,
              "fail": false,
              "pending": false,
              "context": null,
              "code": "cy.visit('https://trytestingthis.netlify.app/');\ncy.contains('This is your Sample Table:').should('be.visible');\ncy.get('tr td:nth-child(2)').each(($e1, index, $list) => {\n  const text = $e1.text(); // cy.log(text);\n  if (text.includes(\"Tribbiani\")) // search python text value in column\n    {\n      //Perform promising\n      cy.get(\"tr td:nth-child(2)\").eq(index).next().then(function (gen) {\n        const genText = gen.text();\n        expect(genText).to.equal('M'); // value compare\n      });\n    }\n});",
              "err": {},
              "uuid": "0410cdb4-9a9b-411c-9ed5-87fd5f395105",
              "parentUUID": "9a79461d-b879-4195-8d92-e5ebc0fb64fb",
              "isHook": false,
              "skipped": false
            }
          ],
          "suites": [],
          "passes": [
            "0410cdb4-9a9b-411c-9ed5-87fd5f395105"
          ],
          "failures": [],
          "pending": [],
          "skipped": [],
          "duration": 603,
          "root": false,
          "rootEmpty": false,
          "_timeout": 2000
        }
      ],
      "passes": [],
      "failures": [],
      "pending": [],
      "skipped": [],
      "duration": 0,
      "root": true,
      "rootEmpty": true,
      "_timeout": 2000
    }
  ],
  "meta": {
    "mocha": {
      "version": "7.0.1"
    },
    "mochawesome": {
      "options": {
        "quiet": false,
        "reportFilename": "mochawesome",
        "saveHtml": false,
        "saveJson": true,
        "consoleReporter": "spec",
        "useInlineDiffs": false,
        "code": true
      },
      "version": "7.1.3"
    },
    "marge": {
      "options": {
        "charts": true,
        "overwrite": false,
        "html": false,
        "json": true,
        "reportDir": "cypress/reports"
      },
      "version": "6.2.0"
    }
  }
}