{
  "stats": {
    "suites": 1,
    "tests": 3,
    "passes": 3,
    "pending": 0,
    "failures": 0,
    "start": "2022-10-01T18:48:32.257Z",
    "end": "2022-10-01T18:48:32.487Z",
    "duration": 230,
    "testsRegistered": 3,
    "passPercent": 100,
    "pendingPercent": 0,
    "other": 0,
    "hasOther": false,
    "skipped": 0,
    "hasSkipped": false
  },
  "results": [
    {
      "uuid": "9169afeb-f671-4910-8085-beb6f347968e",
      "title": "",
      "fullFile": "cypress\\e2e\\2-advanced-examples\\HooksDemo.cy.js",
      "file": "cypress\\e2e\\2-advanced-examples\\HooksDemo.cy.js",
      "beforeHooks": [],
      "afterHooks": [],
      "tests": [],
      "suites": [
        {
          "uuid": "22da7783-cf10-456c-b539-fd7465e3b97c",
          "title": "test hooks in cypress",
          "fullFile": "",
          "file": "",
          "beforeHooks": [],
          "afterHooks": [],
          "tests": [
            {
              "title": "Verify Search",
              "fullTitle": "test hooks in cypress Verify Search",
              "timedOut": null,
              "duration": 84,
              "state": "passed",
              "speed": "fast",
              "pass": true,
              "fail": false,
              "pending": false,
              "context": null,
              "code": "cy.log(\"************TC:1 Search Block***************\");",
              "err": {},
              "uuid": "c7c38d30-931d-423c-b00a-b6abc48d4843",
              "parentUUID": "22da7783-cf10-456c-b539-fd7465e3b97c",
              "isHook": false,
              "skipped": false
            },
            {
              "title": "Verify Advance Search",
              "fullTitle": "test hooks in cypress Verify Advance Search",
              "timedOut": null,
              "duration": 19,
              "state": "passed",
              "speed": "fast",
              "pass": true,
              "fail": false,
              "pending": false,
              "context": null,
              "code": "cy.log(\"************TC:2 Advance Search Block***************\");",
              "err": {},
              "uuid": "9dab7b6f-5bfe-4501-9926-b21041d94b23",
              "parentUUID": "22da7783-cf10-456c-b539-fd7465e3b97c",
              "isHook": false,
              "skipped": false
            },
            {
              "title": "Verify product availability",
              "fullTitle": "test hooks in cypress Verify product availability",
              "timedOut": null,
              "duration": 23,
              "state": "passed",
              "speed": "fast",
              "pass": true,
              "fail": false,
              "pending": false,
              "context": null,
              "code": "cy.log(\"************TC:3 Search Product***************\");",
              "err": {},
              "uuid": "5de8c509-c133-42e8-8ac0-f600ef2a1c46",
              "parentUUID": "22da7783-cf10-456c-b539-fd7465e3b97c",
              "isHook": false,
              "skipped": false
            }
          ],
          "suites": [],
          "passes": [
            "c7c38d30-931d-423c-b00a-b6abc48d4843",
            "9dab7b6f-5bfe-4501-9926-b21041d94b23",
            "5de8c509-c133-42e8-8ac0-f600ef2a1c46"
          ],
          "failures": [],
          "pending": [],
          "skipped": [],
          "duration": 126,
          "root": false,
          "rootEmpty": false,
          "_timeout": 2000
        }
      ],
      "passes": [],
      "failures": [],
      "pending": [],
      "skipped": [],
      "duration": 0,
      "root": true,
      "rootEmpty": true,
      "_timeout": 2000
    }
  ],
  "meta": {
    "mocha": {
      "version": "7.0.1"
    },
    "mochawesome": {
      "options": {
        "quiet": false,
        "reportFilename": "mochawesome",
        "saveHtml": false,
        "saveJson": true,
        "consoleReporter": "spec",
        "useInlineDiffs": false,
        "code": true
      },
      "version": "7.1.3"
    },
    "marge": {
      "options": {
        "charts": true,
        "overwrite": false,
        "html": false,
        "json": true,
        "reportDir": "cypress/reports"
      },
      "version": "6.2.0"
    }
  }
}