{
  "stats": {
    "suites": 1,
    "tests": 1,
    "passes": 1,
    "pending": 0,
    "failures": 0,
    "start": "2022-10-01T18:47:54.273Z",
    "end": "2022-10-01T18:48:03.677Z",
    "duration": 9404,
    "testsRegistered": 1,
    "passPercent": 100,
    "pendingPercent": 0,
    "other": 0,
    "hasOther": false,
    "skipped": 0,
    "hasSkipped": false
  },
  "results": [
    {
      "uuid": "fcae3991-2eb5-4e01-8642-ee7c37476931",
      "title": "",
      "fullFile": "cypress\\e2e\\2-advanced-examples\\DropDown.cy.js",
      "file": "cypress\\e2e\\2-advanced-examples\\DropDown.cy.js",
      "beforeHooks": [],
      "afterHooks": [],
      "tests": [],
      "suites": [
        {
          "uuid": "423bd36d-c419-44cd-8ce2-49d90d0207ce",
          "title": "Verify dropdown on web page",
          "fullFile": "",
          "file": "",
          "beforeHooks": [],
          "afterHooks": [],
          "tests": [
            {
              "title": "Verify dropdown",
              "fullTitle": "Verify dropdown on web page Verify dropdown",
              "timedOut": null,
              "duration": 3744,
              "state": "passed",
              "speed": "fast",
              "pass": true,
              "fail": false,
              "pending": false,
              "context": null,
              "code": "cy.visit(\"https://demo.nopcommerce.com/\");\ncy.get('#customerCurrency').select('Euro');",
              "err": {},
              "uuid": "4027f76f-1424-41e9-8b3b-b5935bb20c78",
              "parentUUID": "423bd36d-c419-44cd-8ce2-49d90d0207ce",
              "isHook": false,
              "skipped": false
            }
          ],
          "suites": [],
          "passes": [
            "4027f76f-1424-41e9-8b3b-b5935bb20c78"
          ],
          "failures": [],
          "pending": [],
          "skipped": [],
          "duration": 3744,
          "root": false,
          "rootEmpty": false,
          "_timeout": 2000
        }
      ],
      "passes": [],
      "failures": [],
      "pending": [],
      "skipped": [],
      "duration": 0,
      "root": true,
      "rootEmpty": true,
      "_timeout": 2000
    }
  ],
  "meta": {
    "mocha": {
      "version": "7.0.1"
    },
    "mochawesome": {
      "options": {
        "quiet": false,
        "reportFilename": "mochawesome",
        "saveHtml": false,
        "saveJson": true,
        "consoleReporter": "spec",
        "useInlineDiffs": false,
        "code": true
      },
      "version": "7.1.3"
    },
    "marge": {
      "options": {
        "charts": true,
        "overwrite": false,
        "html": false,
        "json": true,
        "reportDir": "cypress/reports"
      },
      "version": "6.2.0"
    }
  }
}