{
  "stats": {
    "suites": 1,
    "tests": 1,
    "passes": 1,
    "pending": 0,
    "failures": 0,
    "start": "2022-10-01T18:49:17.474Z",
    "end": "2022-10-01T18:49:30.071Z",
    "duration": 12597,
    "testsRegistered": 1,
    "passPercent": 100,
    "pendingPercent": 0,
    "other": 0,
    "hasOther": false,
    "skipped": 0,
    "hasSkipped": false
  },
  "results": [
    {
      "uuid": "c3512288-8f19-40fd-b74d-b465642ec032",
      "title": "",
      "fullFile": "cypress\\e2e\\OrangeHRM\\Login_POM.cy.js",
      "file": "cypress\\e2e\\OrangeHRM\\Login_POM.cy.js",
      "beforeHooks": [],
      "afterHooks": [],
      "tests": [],
      "suites": [
        {
          "uuid": "886c0b62-cbe7-4a34-b589-3b76290eb7b8",
          "title": "Verfy Orange HRM portal",
          "fullFile": "",
          "file": "",
          "beforeHooks": [],
          "afterHooks": [],
          "tests": [
            {
              "title": "Verfiy Login functionality",
              "fullTitle": "Verfy Orange HRM portal Verfiy Login functionality",
              "timedOut": null,
              "duration": 8622,
              "state": "passed",
              "speed": "medium",
              "pass": true,
              "fail": false,
              "pending": false,
              "context": null,
              "code": "const homepage = new _Loginfunction.LoginPage();\nhomepage.navigate();\nhomepage.enterUserName();\nhomepage.enterPassword();\nhomepage.clickOnSubmit();",
              "err": {},
              "uuid": "b54ebe0c-462d-4d2b-8dc4-91b452bb1b28",
              "parentUUID": "886c0b62-cbe7-4a34-b589-3b76290eb7b8",
              "isHook": false,
              "skipped": false
            }
          ],
          "suites": [],
          "passes": [
            "b54ebe0c-462d-4d2b-8dc4-91b452bb1b28"
          ],
          "failures": [],
          "pending": [],
          "skipped": [],
          "duration": 8622,
          "root": false,
          "rootEmpty": false,
          "_timeout": 2000
        }
      ],
      "passes": [],
      "failures": [],
      "pending": [],
      "skipped": [],
      "duration": 0,
      "root": true,
      "rootEmpty": true,
      "_timeout": 2000
    }
  ],
  "meta": {
    "mocha": {
      "version": "7.0.1"
    },
    "mochawesome": {
      "options": {
        "quiet": false,
        "reportFilename": "mochawesome",
        "saveHtml": false,
        "saveJson": true,
        "consoleReporter": "spec",
        "useInlineDiffs": false,
        "code": true
      },
      "version": "7.1.3"
    },
    "marge": {
      "options": {
        "charts": true,
        "overwrite": false,
        "html": false,
        "json": true,
        "reportDir": "cypress/reports"
      },
      "version": "6.2.0"
    }
  }
}