{
  "stats": {
    "suites": 1,
    "tests": 1,
    "passes": 1,
    "pending": 0,
    "failures": 0,
    "start": "2022-10-01T19:21:33.016Z",
    "end": "2022-10-01T19:21:43.205Z",
    "duration": 10189,
    "testsRegistered": 1,
    "passPercent": 100,
    "pendingPercent": 0,
    "other": 0,
    "hasOther": false,
    "skipped": 0,
    "hasSkipped": false
  },
  "results": [
    {
      "uuid": "d5a7a9b8-51bf-430b-b2f2-8f6f93a17b49",
      "title": "",
      "fullFile": "cypress\\e2e\\OrangeHRM\\Login_POM.cy.js",
      "file": "cypress\\e2e\\OrangeHRM\\Login_POM.cy.js",
      "beforeHooks": [],
      "afterHooks": [],
      "tests": [],
      "suites": [
        {
          "uuid": "71c265e8-a1f1-4838-a4cc-8ac9d03efb9c",
          "title": "Verfy Orange HRM portal",
          "fullFile": "",
          "file": "",
          "beforeHooks": [],
          "afterHooks": [],
          "tests": [
            {
              "title": "Verfiy Login functionality",
              "fullTitle": "Verfy Orange HRM portal Verfiy Login functionality",
              "timedOut": null,
              "duration": 7041,
              "state": "passed",
              "speed": "medium",
              "pass": true,
              "fail": false,
              "pending": false,
              "context": null,
              "code": "const homepage = new _Loginfunction.LoginPage();\nhomepage.navigate();\nhomepage.enterUserName();\nhomepage.enterPassword();\nhomepage.clickOnSubmit();",
              "err": {},
              "uuid": "e98f16bc-5df7-43df-89ce-5133b0e78229",
              "parentUUID": "71c265e8-a1f1-4838-a4cc-8ac9d03efb9c",
              "isHook": false,
              "skipped": false
            }
          ],
          "suites": [],
          "passes": [
            "e98f16bc-5df7-43df-89ce-5133b0e78229"
          ],
          "failures": [],
          "pending": [],
          "skipped": [],
          "duration": 7041,
          "root": false,
          "rootEmpty": false,
          "_timeout": 2000
        }
      ],
      "passes": [],
      "failures": [],
      "pending": [],
      "skipped": [],
      "duration": 0,
      "root": true,
      "rootEmpty": true,
      "_timeout": 2000
    }
  ],
  "meta": {
    "mocha": {
      "version": "7.0.1"
    },
    "mochawesome": {
      "options": {
        "quiet": false,
        "reportFilename": "mochawesome",
        "saveHtml": false,
        "saveJson": true,
        "consoleReporter": "spec",
        "useInlineDiffs": false,
        "code": true
      },
      "version": "7.1.3"
    },
    "marge": {
      "options": {
        "charts": true,
        "overwrite": false,
        "html": false,
        "json": true,
        "reportDir": "cypress/reports"
      },
      "version": "6.2.0"
    }
  }
}