{
  "stats": {
    "suites": 1,
    "tests": 1,
    "passes": 1,
    "pending": 0,
    "failures": 0,
    "start": "2022-09-19T13:24:45.523Z",
    "end": "2022-09-19T13:24:54.605Z",
    "duration": 9082,
    "testsRegistered": 1,
    "passPercent": 100,
    "pendingPercent": 0,
    "other": 0,
    "hasOther": false,
    "skipped": 0,
    "hasSkipped": false
  },
  "results": [
    {
      "uuid": "60a7327a-a0a3-4091-9ea9-2fa8143ad072",
      "title": "",
      "fullFile": "cypress\\e2e\\RahulShetty-class\\EnvVarDemo.cy.js",
      "file": "cypress\\e2e\\RahulShetty-class\\EnvVarDemo.cy.js",
      "beforeHooks": [],
      "afterHooks": [],
      "tests": [],
      "suites": [
        {
          "uuid": "6b3f3c45-4c8f-48b9-976d-b7c22a25dfb3",
          "title": "verify env variable",
          "fullFile": "",
          "file": "",
          "beforeHooks": [],
          "afterHooks": [],
          "tests": [
            {
              "title": "verify user is able to access variable",
              "fullTitle": "verify env variable verify user is able to access variable",
              "timedOut": null,
              "duration": 6758,
              "state": "passed",
              "speed": "medium",
              "pass": true,
              "fail": false,
              "pending": false,
              "context": null,
              "code": "const homePage = new _HomePage.default(); //create object\ncy.visit(Cypress.env('url'));\nhomePage.getRadiobutton1().check();\nhomePage.getDropDownOption().select('option1');\ncy.get('#name').type(this.data.name);",
              "err": {},
              "uuid": "83ed963c-e0e2-416f-beef-2a4a4ed63773",
              "parentUUID": "6b3f3c45-4c8f-48b9-976d-b7c22a25dfb3",
              "isHook": false,
              "skipped": false
            }
          ],
          "suites": [],
          "passes": [
            "83ed963c-e0e2-416f-beef-2a4a4ed63773"
          ],
          "failures": [],
          "pending": [],
          "skipped": [],
          "duration": 6758,
          "root": false,
          "rootEmpty": false,
          "_timeout": 2000
        }
      ],
      "passes": [],
      "failures": [],
      "pending": [],
      "skipped": [],
      "duration": 0,
      "root": true,
      "rootEmpty": true,
      "_timeout": 2000
    }
  ],
  "meta": {
    "mocha": {
      "version": "7.0.1"
    },
    "mochawesome": {
      "options": {
        "quiet": false,
        "reportFilename": "mochawesome",
        "saveHtml": true,
        "saveJson": true,
        "consoleReporter": "spec",
        "useInlineDiffs": false,
        "code": true
      },
      "version": "7.1.3"
    },
    "marge": {
      "options": null,
      "version": "6.2.0"
    }
  }
}